<?xml version="1.0" encoding="UTF-8"?>
<testng-results ignored="0" total="3" passed="3" failed="0" skipped="0">
  <reporter-output>
  </reporter-output>
  <suite started-at="2025-10-11T19:43:08 WIB" name="Surefire suite" finished-at="2025-10-11T19:44:42 WIB" duration-ms="94002">
    <groups>
      <group name="cucumber">
        <method signature="AbstractTestNGCucumberTests.runScenario(io.cucumber.testng.PickleWrapper,io.cucumber.testng.FeatureWrapper)[pri:0, instance:runner.TestRunner@5a955565]" name="runScenario" class="io.cucumber.testng.AbstractTestNGCucumberTests"/>
      </group> <!-- cucumber -->
    </groups>
    <test started-at="2025-10-11T19:43:08 WIB" name="Surefire test" finished-at="2025-10-11T19:44:42 WIB" duration-ms="94002">
      <class name="runner.TestRunner">
        <test-method is-config="true" signature="setUpClass(org.testng.ITestContext)[pri:0, instance:runner.TestRunner@5a955565]" started-at="2025-10-11T19:43:08 WIB" name="setUpClass" finished-at="2025-10-11T19:43:09 WIB" duration-ms="776" status="PASS">
          <params>
            <param index="0">
              <value>
                <![CDATA[org.testng.TestRunner@45acdd11]]>
              </value>
            </param>
          </params>
          <reporter-output>
          </reporter-output>
        </test-method> <!-- setUpClass -->
        <test-method signature="runScenario(io.cucumber.testng.PickleWrapper,io.cucumber.testng.FeatureWrapper)[pri:0, instance:runner.TestRunner@5a955565]" started-at="2025-10-11T19:43:09 WIB" name="runScenario" description="Runs Cucumber Scenarios" data-provider="scenarios" finished-at="2025-10-11T19:43:40 WIB" duration-ms="31737" status="PASS">
          <params>
            <param index="0">
              <value>
                <![CDATA["User can checkout product some variant successfuly"]]>
              </value>
            </param>
            <param index="1">
              <value>
                <![CDATA["Checkout Scenario"]]>
              </value>
            </param>
          </params>
          <reporter-output>
          </reporter-output>
        </test-method> <!-- runScenario -->
        <test-method signature="runScenario(io.cucumber.testng.PickleWrapper,io.cucumber.testng.FeatureWrapper)[pri:0, instance:runner.TestRunner@5a955565]" started-at="2025-10-11T19:43:40 WIB" name="runScenario" description="Runs Cucumber Scenarios" data-provider="scenarios" finished-at="2025-10-11T19:44:11 WIB" duration-ms="30512" status="PASS">
          <params>
            <param index="0">
              <value>
                <![CDATA["User can checkout product some variant successfuly"]]>
              </value>
            </param>
            <param index="1">
              <value>
                <![CDATA["Checkout Scenario"]]>
              </value>
            </param>
          </params>
          <reporter-output>
          </reporter-output>
        </test-method> <!-- runScenario -->
        <test-method signature="runScenario(io.cucumber.testng.PickleWrapper,io.cucumber.testng.FeatureWrapper)[pri:0, instance:runner.TestRunner@5a955565]" started-at="2025-10-11T19:44:11 WIB" name="runScenario" description="Runs Cucumber Scenarios" data-provider="scenarios" finished-at="2025-10-11T19:44:42 WIB" duration-ms="30727" status="PASS">
          <params>
            <param index="0">
              <value>
                <![CDATA["User can checkout product some variant successfuly"]]>
              </value>
            </param>
            <param index="1">
              <value>
                <![CDATA["Checkout Scenario"]]>
              </value>
            </param>
          </params>
          <reporter-output>
          </reporter-output>
        </test-method> <!-- runScenario -->
        <test-method is-config="true" signature="tearDownClass()[pri:0, instance:runner.TestRunner@5a955565]" started-at="2025-10-11T19:44:42 WIB" name="tearDownClass" finished-at="2025-10-11T19:44:42 WIB" duration-ms="187" status="PASS">
          <reporter-output>
          </reporter-output>
        </test-method> <!-- tearDownClass -->
      </class> <!-- runner.TestRunner -->
    </test> <!-- Surefire test -->
  </suite> <!-- Surefire suite -->
</testng-results>
